<?xml version="1.0" encoding="UTF-8"?>
<testsuites>
  <testsuite name="fastlane.lanes">
    
    
    
      
      <testcase classname="fastlane.lanes" name="0: default_platform" time="0.000423">
        
      </testcase>
    
      
      <testcase classname="fastlane.lanes" name="1: test" time="1.625549">
        
          <failure message="/Users/rafaela.narcizo/.rvm/gems/ruby-2.7.1/gems/fastlane-2.205.2/fastlane/lib/fastlane/actions/actions_helper.rb:67:in `execute_action'&#10;/Users/rafaela.narcizo/.rvm/gems/ruby-2.7.1/gems/fastlane-2.205.2/fastlane/lib/fastlane/runner.rb:255:in `block in execute_action'&#10;/Users/rafaela.narcizo/.rvm/gems/ruby-2.7.1/gems/fastlane-2.205.2/fastlane/lib/fastlane/runner.rb:229:in `chdir'&#10;/Users/rafaela.narcizo/.rvm/gems/ruby-2.7.1/gems/fastlane-2.205.2/fastlane/lib/fastlane/runner.rb:229:in `execute_action'&#10;/Users/rafaela.narcizo/.rvm/gems/ruby-2.7.1/gems/fastlane-2.205.2/fastlane/lib/fastlane/runner.rb:157:in `trigger_action_by_name'&#10;/Users/rafaela.narcizo/.rvm/gems/ruby-2.7.1/gems/fastlane-2.205.2/fastlane/lib/fastlane/fast_file.rb:159:in `method_missing'&#10;Fastfile:21:in `block (2 levels) in parsing_binding'&#10;/Users/rafaela.narcizo/.rvm/gems/ruby-2.7.1/gems/fastlane-2.205.2/fastlane/lib/fastlane/lane.rb:33:in `call'&#10;/Users/rafaela.narcizo/.rvm/gems/ruby-2.7.1/gems/fastlane-2.205.2/fastlane/lib/fastlane/runner.rb:49:in `block in execute'&#10;/Users/rafaela.narcizo/.rvm/gems/ruby-2.7.1/gems/fastlane-2.205.2/fastlane/lib/fastlane/runner.rb:45:in `chdir'&#10;/Users/rafaela.narcizo/.rvm/gems/ruby-2.7.1/gems/fastlane-2.205.2/fastlane/lib/fastlane/runner.rb:45:in `execute'&#10;/Users/rafaela.narcizo/.rvm/gems/ruby-2.7.1/gems/fastlane-2.205.2/fastlane/lib/fastlane/lane_manager.rb:47:in `cruise_lane'&#10;/Users/rafaela.narcizo/.rvm/gems/ruby-2.7.1/gems/fastlane-2.205.2/fastlane/lib/fastlane/command_line_handler.rb:36:in `handle'&#10;/Users/rafaela.narcizo/.rvm/gems/ruby-2.7.1/gems/fastlane-2.205.2/fastlane/lib/fastlane/commands_generator.rb:110:in `block (2 levels) in run'&#10;/Users/rafaela.narcizo/.rvm/gems/ruby-2.7.1/gems/commander-4.6.0/lib/commander/command.rb:187:in `call'&#10;/Users/rafaela.narcizo/.rvm/gems/ruby-2.7.1/gems/commander-4.6.0/lib/commander/command.rb:157:in `run'&#10;/Users/rafaela.narcizo/.rvm/gems/ruby-2.7.1/gems/commander-4.6.0/lib/commander/runner.rb:444:in `run_active_command'&#10;/Users/rafaela.narcizo/.rvm/gems/ruby-2.7.1/gems/fastlane-2.205.2/fastlane_core/lib/fastlane_core/ui/fastlane_runner.rb:124:in `run!'&#10;/Users/rafaela.narcizo/.rvm/gems/ruby-2.7.1/gems/commander-4.6.0/lib/commander/delegates.rb:18:in `run!'&#10;/Users/rafaela.narcizo/.rvm/gems/ruby-2.7.1/gems/fastlane-2.205.2/fastlane/lib/fastlane/commands_generator.rb:354:in `run'&#10;/Users/rafaela.narcizo/.rvm/gems/ruby-2.7.1/gems/fastlane-2.205.2/fastlane/lib/fastlane/commands_generator.rb:43:in `start'&#10;/Users/rafaela.narcizo/.rvm/gems/ruby-2.7.1/gems/fastlane-2.205.2/fastlane/lib/fastlane/cli_tools_distributor.rb:122:in `take_off'&#10;/Users/rafaela.narcizo/.rvm/gems/ruby-2.7.1/gems/fastlane-2.205.2/bin/fastlane:23:in `&lt;top (required)&gt;'&#10;/Users/rafaela.narcizo/.rvm/gems/ruby-2.7.1/bin/fastlane:23:in `load'&#10;/Users/rafaela.narcizo/.rvm/gems/ruby-2.7.1/bin/fastlane:23:in `&lt;main&gt;'&#10;/Users/rafaela.narcizo/.rvm/gems/ruby-2.7.1/bin/ruby_executable_hooks:22:in `eval'&#10;/Users/rafaela.narcizo/.rvm/gems/ruby-2.7.1/bin/ruby_executable_hooks:22:in `&lt;main&gt;'&#10;&#10;Exit status of command '/Users/rafaela.narcizo/Desktop/desafio-mobile-android/gradlew test -p .' was 1 instead of 0.&#10;&#10;FAILURE: Build failed with an exception.&#10;&#10;* Where:&#10;Build file '/Users/rafaela.narcizo/Desktop/desafio-mobile-android/app/build.gradle' line: 2&#10;&#10;* What went wrong:&#10;An exception occurred applying plugin request [id: 'com.android.application']&#10;&gt; Failed to apply plugin 'com.android.internal.application'.&#10;   &gt; Android Gradle plugin requires Java 11 to run. You are currently using Java 1.8.&#10;     Your current JDK is located in  /Library/Internet Plug-Ins/JavaAppletPlugin.plugin/Contents/Home&#10;     You can try some of the following options:&#10;       - changing the IDE settings.&#10;       - changing the JAVA_HOME environment variable.&#10;       - changing `org.gradle.java.home` in `gradle.properties`.&#10;&#10;* Try:&#10;&gt; Run with --stacktrace option to get the stack trace.&#10;&gt; Run with --info or --debug option to get more log output.&#10;&gt; Run with --scan to get full insights.&#10;&#10;* Get more help at https://help.gradle.org&#10;&#10;BUILD FAILED in 1s&#10;" />
        
      </testcase>
    
  </testsuite>
</testsuites>
